# JRE version: OpenJDK Runtime Environment (8.0_152-b06) (build 1.8.0_152-release-1136-b06)
# Java VM: OpenJDK 64-Bit Server VM (25.152-b06 mixed mode linux-amd64 compressed oops)
Heap:
 PSYoungGen      total 316928K, used 0K [0x00000000e0000000, 0x0000000100000000, 0x0000000100000000)
  eden space 212992K, 0% used [0x00000000e0000000,0x00000000e0000000,0x00000000ed000000)
  from space 103936K, 0% used [0x00000000f9a80000,0x00000000f9a80000,0x0000000100000000)
  to   space 155648K, 0% used [0x00000000ed000000,0x00000000ed000000,0x00000000f6800000)
 ParOldGen       total 289792K, used 165078K [0x00000000a0000000, 0x00000000b1b00000, 0x00000000e0000000)
  object space 289792K, 56% used [0x00000000a0000000,0x00000000aa135a40,0x00000000b1b00000)
 Metaspace       used 108414K, capacity 113946K, committed 121728K, reserved 1155072K
  class space    used 13348K, capacity 14379K, committed 15488K, reserved 1048576K
GC Heap History (10 events):
Event: 4728.550 GC heap after
Heap after GC invocations=41 (full 5):
 PSYoungGen      total 443392K, used 29097K [0x00000000e0000000, 0x00000000ff780000, 0x0000000100000000)
  eden space 370176K, 0% used [0x00000000e0000000,0x00000000e0000000,0x00000000f6980000)
  from space 73216K, 39% used [0x00000000fb000000,0x00000000fcc6a530,0x00000000ff780000)
  to   space 72192K, 0% used [0x00000000f6980000,0x00000000f6980000,0x00000000fb000000)
 ParOldGen       total 289792K, used 138673K [0x00000000a0000000, 0x00000000b1b00000, 0x00000000e0000000)
  object space 289792K, 47% used [0x00000000a0000000,0x00000000a876c738,0x00000000b1b00000)
 Metaspace       used 96471K, capacity 102146K, committed 102272K, reserved 1138688K
  class space    used 11995K, capacity 13071K, committed 13184K, reserved 1048576K
}
Event: 13982.562 GC heap before
{Heap before GC invocations=42 (full 5):
 PSYoungGen      total 443392K, used 399273K [0x00000000e0000000, 0x00000000ff780000, 0x0000000100000000)
  eden space 370176K, 100% used [0x00000000e0000000,0x00000000f6980000,0x00000000f6980000)
  from space 73216K, 39% used [0x00000000fb000000,0x00000000fcc6a530,0x00000000ff780000)
  to   space 72192K, 0% used [0x00000000f6980000,0x00000000f6980000,0x00000000fb000000)
 ParOldGen       total 289792K, used 138673K [0x00000000a0000000, 0x00000000b1b00000, 0x00000000e0000000)
  object space 289792K, 47% used [0x00000000a0000000,0x00000000a876c738,0x00000000b1b00000)
 Metaspace       used 97645K, capacity 103950K, committed 104064K, reserved 1140736K
  class space    used 12164K, capacity 13363K, committed 13440K, reserved 1048576K
Event: 13982.642 GC heap after
Heap after GC invocations=42 (full 5):
 PSYoungGen      total 383488K, used 26558K [0x00000000e0000000, 0x00000000fe280000, 0x0000000100000000)
  eden space 356864K, 0% used [0x00000000e0000000,0x00000000e0000000,0x00000000f5c80000)
  from space 26624K, 99% used [0x00000000f6980000,0x00000000f836f958,0x00000000f8380000)
  to   space 68608K, 0% used [0x00000000f9f80000,0x00000000f9f80000,0x00000000fe280000)
 ParOldGen       total 289792K, used 138681K [0x00000000a0000000, 0x00000000b1b00000, 0x00000000e0000000)
  object space 289792K, 47% used [0x00000000a0000000,0x00000000a876e738,0x00000000b1b00000)
 Metaspace       used 97645K, capacity 103950K, committed 104064K, reserved 1140736K
  class space    used 12164K, capacity 13363K, committed 13440K, reserved 1048576K
}
Event: 13996.813 GC heap before
{Heap before GC invocations=43 (full 5):
 PSYoungGen      total 383488K, used 383422K [0x00000000e0000000, 0x00000000fe280000, 0x0000000100000000)
  eden space 356864K, 100% used [0x00000000e0000000,0x00000000f5c80000,0x00000000f5c80000)
  from space 26624K, 99% used [0x00000000f6980000,0x00000000f836f958,0x00000000f8380000)
  to   space 68608K, 0% used [0x00000000f9f80000,0x00000000f9f80000,0x00000000fe280000)
 ParOldGen       total 289792K, used 138681K [0x00000000a0000000, 0x00000000b1b00000, 0x00000000e0000000)
  object space 289792K, 47% used [0x00000000a0000000,0x00000000a876e738,0x00000000b1b00000)
 Metaspace       used 103469K, capacity 109896K, committed 110080K, reserved 1144832K
  class space    used 12822K, capacity 14056K, committed 14080K, reserved 1048576K
Event: 13996.886 GC heap after
Heap after GC invocations=43 (full 5):
 PSYoungGen      total 402944K, used 68594K [0x00000000e0000000, 0x0000000100000000, 0x0000000100000000)
  eden space 334336K, 0% used [0x00000000e0000000,0x00000000e0000000,0x00000000f4680000)
  from space 68608K, 99% used [0x00000000f9f80000,0x00000000fe27cab0,0x00000000fe280000)
  to   space 91136K, 0% used [0x00000000f4680000,0x00000000f4680000,0x00000000f9f80000)
 ParOldGen       total 289792K, used 167455K [0x00000000a0000000, 0x00000000b1b00000, 0x00000000e0000000)
  object space 289792K, 57% used [0x00000000a0000000,0x00000000aa387da0,0x00000000b1b00000)
 Metaspace       used 103469K, capacity 109896K, committed 110080K, reserved 1144832K
  class space    used 12822K, capacity 14056K, committed 14080K, reserved 1048576K
}
Event: 14464.463 GC heap before
{Heap before GC invocations=44 (full 5):
 PSYoungGen      total 402944K, used 402930K [0x00000000e0000000, 0x0000000100000000, 0x0000000100000000)
  eden space 334336K, 100% used [0x00000000e0000000,0x00000000f4680000,0x00000000f4680000)
  from space 68608K, 99% used [0x00000000f9f80000,0x00000000fe27cab0,0x00000000fe280000)
  to   space 91136K, 0% used [0x00000000f4680000,0x00000000f4680000,0x00000000f9f80000)
 ParOldGen       total 289792K, used 167455K [0x00000000a0000000, 0x00000000b1b00000, 0x00000000e0000000)
  object space 289792K, 57% used [0x00000000a0000000,0x00000000aa387da0,0x00000000b1b00000)
 Metaspace       used 109201K, capacity 115750K, committed 115968K, reserved 1150976K
  class space    used 13469K, capacity 14727K, committed 14848K, reserved 1048576K
Event: 14464.606 GC heap after
Heap after GC invocations=44 (full 5):
 PSYoungGen      total 408576K, used 85837K [0x00000000e0000000, 0x0000000100000000, 0x0000000100000000)
  eden space 322560K, 0% used [0x00000000e0000000,0x00000000e0000000,0x00000000f3b00000)
  from space 86016K, 99% used [0x00000000f4680000,0x00000000f9a53528,0x00000000f9a80000)
  to   space 103936K, 0% used [0x00000000f9a80000,0x00000000f9a80000,0x0000000100000000)
 ParOldGen       total 289792K, used 167631K [0x00000000a0000000, 0x00000000b1b00000, 0x00000000e0000000)
  object space 289792K, 57% used [0x00000000a0000000,0x00000000aa3b3da0,0x00000000b1b00000)
 Metaspace       used 109201K, capacity 115750K, committed 115968K, reserved 1150976K
  class space    used 13469K, capacity 14727K, committed 14848K, reserved 1048576K
}
Event: 14471.790 GC heap before
{Heap before GC invocations=45 (full 5):
 PSYoungGen      total 408576K, used 408397K [0x00000000e0000000, 0x0000000100000000, 0x0000000100000000)
  eden space 322560K, 100% used [0x00000000e0000000,0x00000000f3b00000,0x00000000f3b00000)
  from space 86016K, 99% used [0x00000000f4680000,0x00000000f9a53528,0x00000000f9a80000)
  to   space 103936K, 0% used [0x00000000f9a80000,0x00000000f9a80000,0x0000000100000000)
 ParOldGen       total 289792K, used 167631K [0x00000000a0000000, 0x00000000b1b00000, 0x00000000e0000000)
  object space 289792K, 57% used [0x00000000a0000000,0x00000000aa3b3da0,0x00000000b1b00000)
 Metaspace       used 114810K, capacity 121394K, committed 121728K, reserved 1155072K
  class space    used 14100K, capacity 15375K, committed 15488K, reserved 1048576K
Event: 14482.282 GC heap after
Heap after GC invocations=45 (full 5):
 PSYoungGen      total 316928K, used 103925K [0x00000000e0000000, 0x0000000100000000, 0x0000000100000000)
  eden space 212992K, 0% used [0x00000000e0000000,0x00000000e0000000,0x00000000ed000000)
  from space 103936K, 99% used [0x00000000f9a80000,0x00000000ffffd4d8,0x0000000100000000)
  to   space 155648K, 0% used [0x00000000ed000000,0x00000000ed000000,0x00000000f6800000)
 ParOldGen       total 289792K, used 255071K [0x00000000a0000000, 0x00000000b1b00000, 0x00000000e0000000)
  object space 289792K, 88% used [0x00000000a0000000,0x00000000af917e50,0x00000000b1b00000)
 Metaspace       used 114810K, capacity 121394K, committed 121728K, reserved 1155072K
  class space    used 14100K, capacity 15375K, committed 15488K, reserved 1048576K
}
Event: 14482.342 GC heap before
{Heap before GC invocations=46 (full 6):
 PSYoungGen      total 316928K, used 103925K [0x00000000e0000000, 0x0000000100000000, 0x0000000100000000)
  eden space 212992K, 0% used [0x00000000e0000000,0x00000000e0000000,0x00000000ed000000)
  from space 103936K, 99% used [0x00000000f9a80000,0x00000000ffffd4d8,0x0000000100000000)
  to   space 155648K, 0% used [0x00000000ed000000,0x00000000ed000000,0x00000000f6800000)
 ParOldGen       total 289792K, used 255071K [0x00000000a0000000, 0x00000000b1b00000, 0x00000000e0000000)
  object space 289792K, 88% used [0x00000000a0000000,0x00000000af917e50,0x00000000b1b00000)
 Metaspace       used 114810K, capacity 121394K, committed 121728K, reserved 1155072K
  class space    used 14100K, capacity 15375K, committed 15488K, reserved 1048576K

